-3.059048956473061409e+00
-2.148135194160703421e+00
-1.567366938524892728e+00
-1.190338864502118232e+00
-8.737329083118988704e-01
-6.632107258903956470e-01
-4.739809770269663991e-01
-3.317881222505119632e-01
-1.917671391338578724e-01
-9.209956570645971841e-02
-4.343029181769747678e-03
5.509769998873866731e-02
1.266332581965013693e-01
1.905186258135469490e-01
2.402085342443274485e-01
2.922278627532125528e-01
3.319436397829820251e-01
3.677748291029663830e-01
4.020460414084258693e-01
4.316955166309300873e-01
4.530458365977044766e-01
4.740086300890346549e-01
4.926442828868189405e-01
5.139972885386929757e-01
5.316412679349460380e-01
5.446858038642384825e-01
5.563096918468298790e-01
5.676552247627936199e-01
5.828193811943922498e-01
5.899875743839491093e-01
5.991778444907722712e-01
6.083608176754174979e-01
6.150269416061501238e-01
6.232851985207411571e-01
6.293398195200305967e-01
6.373020355369186651e-01
6.415550867346039299e-01
6.440737090369585971e-01
6.495528632197876684e-01
6.550722742520513897e-01
6.565911550187090162e-01
6.614348575708215439e-01
6.660780848326256498e-01
6.674129717571432030e-01
6.699801386119506041e-01
6.752733489081413909e-01
6.767005276528784696e-01
6.772646890189598645e-01
6.806616046667386399e-01
6.850718308318164418e-01
6.884573621822792644e-01
6.902232062944380075e-01
6.901761496087415182e-01
6.911284193212507976e-01
6.951627191273790363e-01
6.977535782190686930e-01
6.988214443405418308e-01
6.996240565150295687e-01
7.029161140866079238e-01
7.048763702754512472e-01
7.042013615113774661e-01
7.082952669917070843e-01
7.085825232200814172e-01
7.113392287403036418e-01
7.134868815742103632e-01
7.137564755623081458e-01
7.150951675987879952e-01
7.146656461847032960e-01
7.153227868424621994e-01
7.185726618175642955e-01
7.193240728373437864e-01
7.190650583263374918e-01
7.217257633856016819e-01
7.215023036140029156e-01
7.215636555495145155e-01
7.249957907018304004e-01
7.216893965870874172e-01
7.233750314283294847e-01
7.254964460554819139e-01
7.262866241567563774e-01
7.274231865502888139e-01
7.275379994952940743e-01
7.287255986699774368e-01
7.285353488598562688e-01
7.296885558943577710e-01
7.308714519322604408e-01
7.309879570564378204e-01
7.325782680192616247e-01
7.324949751662649389e-01
7.304352284227813019e-01
7.326127956118797524e-01
7.330349276116512325e-01
7.321068741447700479e-01
7.336569161849715304e-01
7.330303559111770451e-01
7.330926452365722490e-01
7.351339077261198618e-01
7.350089569509816734e-01
7.354250748875426069e-01
7.363484149392425238e-01
