2.469163598493112621e-01
3.843361393440983265e-01
4.251924069858913358e-01
4.618758402515335537e-01
4.869533445588100085e-01
5.135326834203917112e-01
5.376844646872084299e-01
5.609566530664357176e-01
5.787928385651697205e-01
5.993119823250920852e-01
6.200670116073655480e-01
6.423453235737567324e-01
6.604335982441658093e-01
6.740558698793681636e-01
6.900949568512820820e-01
7.092135795734698656e-01
7.261805956110379823e-01
7.397556434914420720e-01
7.513431945913094934e-01
7.606751470269078608e-01
7.758086227607734475e-01
7.810682676758482490e-01
7.890453276660037707e-01
7.995970275584076692e-01
8.032421671079320591e-01
8.094275952615086478e-01
8.166599081505432345e-01
8.214643606145525245e-01
8.249854115668481258e-01
8.288044094999796885e-01
8.311652464850152189e-01
8.379077144102852204e-01
8.407263503086068734e-01
8.427914169470142047e-01
8.415454268142408267e-01
8.453915604083825919e-01
8.433908327042474173e-01
8.460052595050061575e-01
8.470913422736082721e-01
8.520270151374659262e-01
8.519225656822680959e-01
8.497440542039665923e-01
8.553918852959611074e-01
8.534415733664032500e-01
8.591100485604059589e-01
8.555434152319099095e-01
8.578306049706222458e-01
8.548049936371661106e-01
8.543711752503406753e-01
8.581815579435887464e-01
