-2.998236751834423508e+00
-2.071478027002321642e+00
-1.486696521038498586e+00
-1.098083264966867700e+00
-8.545686840635363657e-01
-5.874097364895309870e-01
-4.140301586778808440e-01
-2.561919261898604749e-01
-1.349468692234786493e-01
-3.335743798824209599e-02
4.733098319758203415e-02
1.362775242004465592e-01
2.023878329187787928e-01
2.634261910029538356e-01
3.170698978686889435e-01
3.653113399673612594e-01
4.093377072000193295e-01
4.418581493332722765e-01
4.757486145330693250e-01
5.020370926993016347e-01
5.247879146852911791e-01
5.480425487098999904e-01
5.623210196374800462e-01
5.783470867254500991e-01
5.915932420295891836e-01
6.017728395883534809e-01
6.115956106256174030e-01
6.257008828425580926e-01
6.315782266963646530e-01
6.360316771243822442e-01
6.443499380290637069e-01
6.501312994979445703e-01
6.538542232824569034e-01
6.606261108472955002e-01
6.666880867603822702e-01
6.685501316248928516e-01
6.724322510031323086e-01
6.739668684425383915e-01
6.806603241955496708e-01
6.829347876231759429e-01
6.876860060000318242e-01
6.946243704130349306e-01
6.930439971433108859e-01
6.967808956228555006e-01
6.991319557683463026e-01
7.014544105809784602e-01
7.053815686462792112e-01
7.075140267615559475e-01
7.120232758010567320e-01
7.160169489817103106e-01
7.159606869588807099e-01
7.185380369259615208e-01
7.214003178108426839e-01
7.235276567952745319e-01
7.246552041084329820e-01
7.278881927559455178e-01
7.283901710022415710e-01
7.306343489523411394e-01
7.306601171473091627e-01
7.351899700137057847e-01
7.352857448636073157e-01
7.372224971991844233e-01
7.373551175360478771e-01
7.411954596253058636e-01
7.408612173443541726e-01
7.412515790291457352e-01
7.444561055441165642e-01
7.447419631240679294e-01
7.448871555439173786e-01
7.475525082922800379e-01
7.495514949634694002e-01
7.526379804691980535e-01
7.507078020629524007e-01
7.529737926182519248e-01
7.547931879428134705e-01
7.543288479742989994e-01
7.563171894761493430e-01
7.567943815666838825e-01
7.582675091535141521e-01
7.574957801683270819e-01
7.599590744732550585e-01
7.603906455781987983e-01
7.589890548779355539e-01
7.607396405104278614e-01
7.625736145373553931e-01
7.618526199084773021e-01
7.646610719230680919e-01
7.637655864836365716e-01
7.658844534734090548e-01
7.664839779524900143e-01
7.669420743322147294e-01
7.668726695406044014e-01
7.676934278787140853e-01
7.681782764458413570e-01
7.701760404268060967e-01
7.697209260167964251e-01
7.699500645991698144e-01
7.712352452467841069e-01
7.699242517241519090e-01
7.735620200584695239e-01
