5.570629961156750909e+01
1.341856800075583678e+01
1.010341194301432211e+01
8.366325879708314872e+00
7.072915878991874017e+00
6.210471655019876636e+00
5.620330623856192531e+00
5.165830907737009703e+00
4.821893711296999285e+00
4.558458093355393537e+00
4.392145151452434781e+00
4.223682598014320000e+00
4.021043417486684035e+00
3.913462920066637984e+00
3.870006515312006901e+00
3.690508500593888908e+00
3.573068892932267371e+00
3.528880152359046285e+00
3.366895182010455123e+00
3.332694925029837218e+00
3.233937758783381966e+00
3.203016188252842067e+00
3.131660483292574071e+00
3.056167993790064319e+00
3.011431320766960518e+00
2.952796597217431707e+00
2.871816716015456628e+00
2.838701166109690810e+00
2.792650147185052667e+00
2.722880770468853129e+00
2.684185917795997689e+00
2.621929692916380894e+00
2.595660418095673272e+00
2.539219044251789903e+00
2.494892994092531069e+00
2.454124545439695826e+00
2.406886747602880572e+00
2.394280759658098834e+00
2.342357859103637363e+00
2.295970685089363528e+00
2.269890723026245727e+00
2.252410014823108320e+00
2.209575940401126370e+00
2.198881696549628284e+00
2.167080438642577267e+00
2.102599642568321325e+00
2.087549363426437932e+00
2.059097535217537356e+00
2.021980511425044647e+00
2.026832612543651546e+00
1.983000571558461322e+00
1.985186726442690563e+00
1.951999711625909795e+00
1.946147298025191485e+00
1.915629140488964932e+00
1.904162203536701403e+00
1.866621887719137396e+00
1.869270074003076543e+00
1.850102645346869190e+00
1.829516852513337843e+00
1.809751633826562456e+00
1.780759709179989159e+00
1.782037181144165094e+00
1.770267292004835458e+00
1.749836697792395590e+00
1.739770483041891191e+00
1.725574577642380536e+00
1.718611850129546870e+00
1.698125427056111247e+00
1.708811481911284957e+00
1.681067461739395252e+00
1.690159149894112423e+00
1.665895378154645501e+00
1.675301679257575449e+00
1.652186676360211104e+00
1.644660106307185954e+00
1.650864785298322923e+00
1.612540914697289773e+00
1.614679894444975394e+00
1.625932213176166652e+00
1.591731130782904291e+00
1.594838190478450990e+00
1.581383917517445781e+00
1.572945957940946160e+00
1.584355366418112476e+00
1.563250403902704644e+00
1.561860005824993847e+00
1.551668531854712318e+00
1.551831088710348583e+00
1.538597279457886158e+00
1.531697074160773386e+00
1.542873668012299193e+00
1.521755084307236050e+00
1.506056259252145590e+00
1.522845036179356404e+00
1.519161553836668288e+00
1.495722734187481695e+00
1.499781252070526705e+00
1.512180930999138972e+00
1.505075288594827088e+00
