5.018735576318234592e+01
9.857876674885652335e+00
7.130207861686239212e+00
5.707794699766197688e+00
4.823920715098478418e+00
4.249056825053934894e+00
3.876967319566376524e+00
3.604811635795904579e+00
3.439176458631242994e+00
3.255910099185242768e+00
3.187135401355976949e+00
3.041283522917299642e+00
2.962147481392841009e+00
2.865181969623176617e+00
2.849849849136508073e+00
2.730406974481076610e+00
2.692986265688526171e+00
2.607393531118120666e+00
2.587841461434656321e+00
2.516880070822579363e+00
2.493002426089072632e+00
2.431054711049916772e+00
2.399350321925416196e+00
2.362767062187194789e+00
2.343990629254555369e+00
2.271660535092256517e+00
2.274329282702232113e+00
2.225013759768739163e+00
2.205824929159514891e+00
2.166552763471798038e+00
2.134756941892662852e+00
2.105717081731679485e+00
2.056330760352465425e+00
2.050535689568032893e+00
2.012143503792431787e+00
2.008436181253316466e+00
1.983544492770214385e+00
1.950611089686958177e+00
1.916544858679479546e+00
1.912539397064520363e+00
1.873636319977896481e+00
1.860111042966648087e+00
1.829911810086698010e+00
1.797359473316036960e+00
1.791595732484545067e+00
1.760548602561561538e+00
1.755168461702307781e+00
1.723976695440253337e+00
1.716862428139667163e+00
1.681867541634306518e+00
1.666427145880095884e+00
1.655459867058967971e+00
1.631014006137847971e+00
1.587742115088871531e+00
1.597688414661251777e+00
1.562090591849113030e+00
1.554033158555322869e+00
1.526459528086136830e+00
1.525725435480779435e+00
1.507865180288042284e+00
1.470909305056747218e+00
1.464846063536040743e+00
1.453611979046646407e+00
1.430874996866498661e+00
1.425778188072905239e+00
1.407284233424128228e+00
1.398481392714441940e+00
1.388413738425896993e+00
1.375088129773431866e+00
1.340729731637604338e+00
1.338533244522250421e+00
1.325431820470459598e+00
1.312429556019452104e+00
1.295882347846517790e+00
1.285445757885368412e+00
1.274261133281552105e+00
1.268466278825487459e+00
1.242387427748466111e+00
1.243008982551341068e+00
1.233743430740979363e+00
1.225536032014963528e+00
1.202110928613312479e+00
1.194421960358716950e+00
1.197758645378813380e+00
1.177233495031084320e+00
1.181436320616274571e+00
1.168373521542062532e+00
1.160899490045041560e+00
1.147390112828235331e+00
1.141249873346211974e+00
1.124455736170009601e+00
1.128826535915841811e+00
1.111733735483519947e+00
1.106036304357100430e+00
1.088764406369656879e+00
1.093149985537237079e+00
1.082607266756953068e+00
1.067353689135337458e+00
1.064050221783774175e+00
1.060383409383345521e+00
