5.598782505142030352e-02
4.576538449715403939e-02
4.261994126750637268e-02
3.988353966568142922e-02
3.791233002257770462e-02
3.604212141075930492e-02
3.407716135268468866e-02
3.249808771745164165e-02
3.103871759912641901e-02
2.960641296944145628e-02
2.805596253792415340e-02
2.653736161633855895e-02
2.508236410801668176e-02
2.399138354924112634e-02
2.278944911137664037e-02
2.131483387165285931e-02
2.012312130982338992e-02
1.916068345831828390e-02
1.812178450425318971e-02
1.748908513466252562e-02
1.640402470922916814e-02
1.597052656850709434e-02
1.547222451492409265e-02
1.465983055917733507e-02
1.429591048325189705e-02
1.389119267937611625e-02
1.343313172088542867e-02
1.307845154650421129e-02
1.282333137804579810e-02
1.260249645020298376e-02
1.234723146062498625e-02
1.191591537126782639e-02
1.163367435994651714e-02
1.146458585942219249e-02
1.158199856343405422e-02
1.124763417565603600e-02
1.146861602675309372e-02
1.130574694200909419e-02
1.118046913940745971e-02
1.079393377967538883e-02
1.079307576821459357e-02
1.094069220566537895e-02
1.059257070611082166e-02
1.066822552143300434e-02
1.032103489348720066e-02
1.054773174425590807e-02
1.041946721059330838e-02
1.055510363108028496e-02
1.056545051466857392e-02
1.036419212304724377e-02
