6.112185814535829564e+01
1.430920884312962649e+01
1.089946327783182056e+01
8.910974688783905862e+00
7.450777618137337299e+00
6.479384384681957876e+00
5.910983729409513110e+00
5.462026325908638569e+00
5.068388797357473052e+00
4.773347055653378135e+00
4.506878839206883924e+00
4.319292455735291192e+00
4.171232170136957684e+00
3.972653178068307867e+00
3.918910530897287359e+00
3.797903777697147376e+00
3.713976698866962689e+00
3.643930626809009254e+00
3.535173863113749260e+00
3.465524526272534711e+00
3.352399314061189184e+00
3.322647035709734631e+00
3.281327609597343375e+00
3.238490616311218151e+00
3.146757845812765630e+00
3.128771753000789690e+00
3.066262144779077214e+00
3.029128638715198552e+00
2.975335177820344956e+00
2.924830067910151321e+00
2.858533136355571269e+00
2.830939046729951336e+00
2.782329789868002834e+00
2.747484955679500462e+00
2.695201464305967853e+00
2.666521105070321251e+00
2.641353493493924898e+00
2.578325301291204408e+00
2.573781853949530074e+00
2.536318611228724595e+00
2.517801014511777957e+00
2.467387546684144617e+00
2.475741158928391528e+00
2.411732545853601639e+00
2.371244898914585342e+00
2.360894203303598449e+00
2.338395914382483287e+00
2.322730193124014964e+00
2.285882207416218392e+00
2.227001725804405918e+00
2.214395213409288576e+00
2.207874353409283952e+00
2.164170666147736011e+00
2.175504318355808486e+00
2.136217522962088555e+00
2.108935259620583924e+00
2.102627276257415190e+00
2.094035551392820604e+00
2.036019069085694966e+00
2.050968690090160695e+00
2.024726416173536325e+00
2.002549886821054503e+00
1.999018221153074926e+00
1.984163221816809708e+00
1.981919562381635247e+00
1.933718191389971697e+00
1.913334468882935013e+00
1.919306523172107593e+00
1.915910821341904047e+00
1.899178292859470485e+00
1.867336047647972785e+00
1.842826998562972607e+00
1.854430260742909731e+00
1.842193797671583200e+00
1.819100767609165503e+00
1.827893556281189547e+00
1.792772059022087028e+00
1.784426052130655860e+00
1.789901720231336535e+00
1.783613573870009850e+00
1.748485911938800763e+00
1.744324856138323332e+00
1.745632334985206313e+00
1.718482805133101143e+00
1.718234508171589514e+00
1.716543847110849841e+00
1.686034035929561359e+00
1.694782513015604009e+00
1.679260729567774169e+00
1.675102685624090704e+00
1.656158261809358434e+00
1.657220434977928258e+00
1.655388777013831358e+00
1.640478085777933526e+00
1.641551580419672085e+00
1.629778230272571404e+00
1.624700351932345077e+00
1.594855906225050246e+00
1.598454658390267236e+00
1.603779079352140036e+00
