4.062949592103621069e-03
2.164255382363020497e-03
1.724551757786979599e-03
1.458162350068847217e-03
1.375173006377400061e-03
1.326064079345608271e-03
1.409944617009075340e-03
1.272350751474842206e-03
1.228360482931741427e-03
1.207923260154305720e-03
1.186290936351786255e-03
1.238560917823743317e-03
1.159106286004333740e-03
1.141219956136955158e-03
1.110941078684797665e-03
1.139742575826202271e-03
1.120917599106904632e-03
1.092831123867092418e-03
1.096861339126458225e-03
1.089706609654145708e-03
1.110602192773978668e-03
1.074059797629983151e-03
1.096931179158493587e-03
1.046522457801398603e-03
1.060120894546580372e-03
