-2.764334449362468860e+00
-1.774033768114993359e+00
-1.223781831065810843e+00
-8.431396383719254040e-01
-5.609951791550834566e-01
-3.425532011660327725e-01
-1.905868532460895659e-01
-4.550923887177172472e-02
7.067600613138248777e-02
1.573503294966181187e-01
2.396870510306390312e-01
3.055156020026216224e-01
3.653157017126560935e-01
4.099637510147605690e-01
4.633149292210551606e-01
4.997819592912608466e-01
5.265931244293577951e-01
5.535880085844110399e-01
5.744225649419565372e-01
5.929544266899168248e-01
6.070899057110266117e-01
6.178711366071737432e-01
6.270645276187716277e-01
6.382598942498802774e-01
6.456106701996505715e-01
6.539797243309610764e-01
6.608812539759653104e-01
6.671551734592569005e-01
6.711383960636208013e-01
6.771739937999800008e-01
6.834029029880412942e-01
6.837686130275861807e-01
6.870264158579429958e-01
6.896089656985535665e-01
6.950762647942472228e-01
6.998156138039843821e-01
7.018080052817498027e-01
7.031749318273383675e-01
7.024118276851272213e-01
7.066379513499058129e-01
7.092358517963520681e-01
7.113633737513220812e-01
7.131598132522561917e-01
7.150388646991444608e-01
7.160792383927341298e-01
7.171836512950726661e-01
7.184958545104794814e-01
7.206308455932867174e-01
7.229044713642573949e-01
7.235364146946751118e-01
7.269894480048813001e-01
7.266302360701920593e-01
7.313928235515350096e-01
7.317333147674394134e-01
7.311931599505940849e-01
7.334057425192564983e-01
7.346358972908920704e-01
7.363075001622378934e-01
7.370927776601974291e-01
7.373985028146653464e-01
7.414243331165112361e-01
7.442156143271632107e-01
7.437621490718405726e-01
7.437778142364552814e-01
7.446894834554136366e-01
7.466998331864036498e-01
7.471346067532518287e-01
7.478123343361801068e-01
7.498324850552738896e-01
7.513549818214297904e-01
7.534147967178921323e-01
7.549054550305316358e-01
7.572581723676985455e-01
7.571929391623605232e-01
7.574908511463127603e-01
7.590779106625206163e-01
7.616224059541207847e-01
7.611866291532493056e-01
7.624937779337693788e-01
7.626363587473858896e-01
7.630584797746626791e-01
7.651924662716176329e-01
7.666420808181431124e-01
7.651544093529450974e-01
7.669650027030923134e-01
7.670021660149446419e-01
7.694786801145350186e-01
7.693074106107583576e-01
7.703949550065136709e-01
7.701338987487122978e-01
7.708255350602434275e-01
7.732769335857602178e-01
7.725174897877280511e-01
7.725083976916948814e-01
7.748733956816734603e-01
7.768113996131320587e-01
7.773920469415276369e-01
7.768083491350590286e-01
7.770219747803623900e-01
7.767617827306546596e-01
