-1.029375686448910621e+01
-7.011789931999619085e+00
-5.157906573241679560e+00
-3.793874894049558577e+00
-2.853223019352607803e+00
-2.111703322476784273e+00
-1.504600173585430412e+00
-1.081811580077217894e+00
-6.861006303237030535e-01
-3.923683303146993651e-01
-1.610361184361056297e-01
2.464548339942781649e-02
1.715838369008091113e-01
2.816630116980390897e-01
3.621608916179314686e-01
4.306651485465922136e-01
4.775318881169165475e-01
5.082457335313020907e-01
5.346300776846439895e-01
5.563550463708224481e-01
5.745419742455949441e-01
5.872199732711380626e-01
5.995037308460572367e-01
6.111200870578891164e-01
6.216161586335008371e-01
6.284449524847427471e-01
6.362294492961112491e-01
6.394608677385488216e-01
6.485606024190780916e-01
6.511105003997941232e-01
6.586755877412465709e-01
6.611715259461981020e-01
6.680008234853750393e-01
6.708027456768289598e-01
6.766869476253949411e-01
6.780674895441862748e-01
6.822882475938357727e-01
6.851128230455197921e-01
6.881523943908333107e-01
6.896625101799437330e-01
6.950627636830651879e-01
6.943377580398227833e-01
6.966400075241068190e-01
7.022581756181527357e-01
7.028540261589180105e-01
7.042064174813247313e-01
7.059159555321231627e-01
7.075825543547775709e-01
7.097422672736438676e-01
7.130582307023404232e-01
7.127995082834065466e-01
7.157378329211493417e-01
7.153785374721191026e-01
7.178914968129243013e-01
7.199347932145482298e-01
7.206636998036226593e-01
7.221880405642391310e-01
7.231456816773377261e-01
7.246920655047888182e-01
7.252120967512921679e-01
7.270257242002168274e-01
7.276147833961669198e-01
7.276424382419016679e-01
7.313624383214590852e-01
7.311712433762073138e-01
7.317323872631605886e-01
7.331270073993084724e-01
7.337119676724599415e-01
7.360294332904070425e-01
7.378587002668486328e-01
7.384480429150934722e-01
7.400191079857407761e-01
7.402119803058799796e-01
7.395683019458678675e-01
7.401375058003164531e-01
7.414367878340615281e-01
7.440845914266441818e-01
7.439046616987243787e-01
7.471233865155414433e-01
7.444443784201298930e-01
7.475842346684306028e-01
7.478788868222282504e-01
7.476696444676093067e-01
7.518304172771046456e-01
7.520483265209940704e-01
7.514315583436954604e-01
7.536585965964249789e-01
7.530579604648826031e-01
7.563085685278643222e-01
7.549098917891408078e-01
7.568290508157742291e-01
7.565438159292249276e-01
7.563891815368659621e-01
7.587182650654316074e-01
7.581540563557755963e-01
7.589395884499908762e-01
7.605705642210850437e-01
7.608004433134871736e-01
7.609095206111423648e-01
7.617699357139242622e-01
