5.167923065341248900e+01
1.302159798914072475e+01
9.461588209502551194e+00
7.609845926518342907e+00
6.433704498641344749e+00
5.824792156608737059e+00
5.381739391210127899e+00
5.005043697162550487e+00
4.656793496268136323e+00
4.559844613561824467e+00
4.371834581725451585e+00
4.169034007325464586e+00
3.998278362896977800e+00
3.931380967607303489e+00
3.765248030059191731e+00
3.662335137250471995e+00
3.575811117327943212e+00
3.494352945016355072e+00
3.380874609363322403e+00
3.300509639175570609e+00
3.260359347985715139e+00
3.179598425456455768e+00
3.129047875988240079e+00
3.076422815712130721e+00
3.003371943065098471e+00
2.974651970084832620e+00
2.896456340673018381e+00
2.880898649449251003e+00
2.820356545642930701e+00
2.790225396837506810e+00
2.772547839125808267e+00
2.701363401996846214e+00
2.685069070738189012e+00
2.631104016109388599e+00
2.584282084776430732e+00
2.556791950829174986e+00
2.520749518919964238e+00
2.483475617389289791e+00
2.450198599805637478e+00
2.425195974622453843e+00
2.398360905258023035e+00
2.361694140142323928e+00
2.334947754606908621e+00
2.312604611941746491e+00
2.264112090091316087e+00
2.250669501411671547e+00
2.211795991196924493e+00
2.196555291097991525e+00
2.172585163651680418e+00
2.150684713684782867e+00
2.095301836510093718e+00
2.094908843527034659e+00
2.076794008916738044e+00
2.030465878807768743e+00
2.005967197320899231e+00
1.992380972297824071e+00
1.972948392556638231e+00
1.964612084359538713e+00
1.944340997520758174e+00
1.929703355759990524e+00
1.907196193325276345e+00
1.887310293596617949e+00
1.874480118946153295e+00
1.851203707626887685e+00
1.863234458018322437e+00
1.826237366053522937e+00
1.801515538449190101e+00
1.803066193668209749e+00
1.767057088637838502e+00
1.759256583038641519e+00
1.750243057085543175e+00
1.748546504244512523e+00
1.714125049016913538e+00
1.696206350131910678e+00
1.682553219795227095e+00
1.673735072856046724e+00
1.667259662297307266e+00
1.653468154644479604e+00
1.615247888662377118e+00
1.625066033626089368e+00
1.624414252748294762e+00
1.605363663848565547e+00
1.601613850252968874e+00
1.614706234834632159e+00
1.569062829455550867e+00
1.573602683349531572e+00
1.545230771716760154e+00
1.552499684362995458e+00
1.553584475711900392e+00
1.533354062596145928e+00
1.514652352527696255e+00
1.512664366887540135e+00
1.488029342865457405e+00
1.506002678871154687e+00
1.472006227483554808e+00
1.471526599976481275e+00
1.467099815388115180e+00
1.462228735174451622e+00
1.464702563310156025e+00
1.452726279691773925e+00
