-2.495757028070702876e+00
-5.624339276379828334e-01
1.591036381326471627e-01
4.579401048798315554e-01
5.512443207225694586e-01
5.806582348243910507e-01
5.926360831083622438e-01
5.935508409300803701e-01
6.039263252414661665e-01
6.103257538869065746e-01
6.198144337083911770e-01
6.312843232457449050e-01
6.309600476144944237e-01
6.353153663931035977e-01
6.339539992602704066e-01
6.370737340354966083e-01
6.358568249009093343e-01
6.388493976316308443e-01
6.438072825303299274e-01
6.401028809965801925e-01
6.429011188942213018e-01
6.451568876376192474e-01
6.430767593856536735e-01
6.436644856436452011e-01
6.465878600668198972e-01
6.447624553888054999e-01
6.462779312265671816e-01
6.472681583154658025e-01
6.491393433878719366e-01
6.504870420911975648e-01
6.506300390444370585e-01
6.510120748831600412e-01
6.494819293606373112e-01
6.513973853727328400e-01
6.500294694224121317e-01
6.468503946583749054e-01
6.509668484194764959e-01
6.501696521564557241e-01
6.518907055858425004e-01
6.488769370582049278e-01
6.490446766721178484e-01
6.521455687748166641e-01
6.533193099977492313e-01
6.504959871708800856e-01
6.523263304683805108e-01
6.497001451743362743e-01
6.474859914742171485e-01
6.521322524841859369e-01
6.522824759072283207e-01
6.484967836752606463e-01
