5.292972825457166408e+01
7.115815967251926999e+00
6.275582440249570126e+00
5.939802187861817906e+00
5.574523129802205546e+00
5.498225857883622503e+00
5.221097040148603874e+00
5.135614617443306607e+00
5.005926883581913067e+00
4.812750517210482748e+00
4.801255930692721385e+00
4.630918695445938482e+00
4.604576150715212535e+00
4.542046603553500539e+00
4.400760999370565862e+00
4.387915501714030775e+00
4.294876319545132048e+00
4.239261566064296716e+00
4.186734315537628426e+00
4.130760800241034758e+00
4.117700744828422188e+00
4.072185199577491588e+00
4.036171408730509391e+00
3.960129788774988224e+00
3.879838032947553472e+00
3.878204860539980814e+00
3.815240808786489968e+00
3.767020051434879058e+00
3.762579934788750524e+00
3.728579631704828312e+00
3.671765024289662449e+00
3.643214146504591078e+00
3.613047177697117363e+00
3.597281194858617859e+00
3.572951518989109676e+00
3.564399034410089762e+00
3.579923438650744583e+00
3.487940755757418465e+00
3.476448299306811762e+00
3.449939178350644120e+00
3.432587044152902500e+00
3.423238042698595773e+00
3.394508559387046986e+00
3.395184969707524480e+00
3.368739404670008319e+00
3.347301245638818479e+00
3.330628932981224199e+00
3.305777157103265029e+00
3.282145980076911940e+00
3.284228231731828096e+00
