4.950414292358373824e-03
2.331606972030025648e+00
4.477488862603242262e-03
3.623768720719915907e-03
3.135884551647619752e-03
1.985399007681738163e-03
1.860454295414857391e-03
1.701914883692091408e-03
1.523203358250756418e-03
1.403302914289060194e-03
1.320957453498063311e-03
1.291805748592590730e-03
1.207571514507051495e-03
1.180112354211942200e-03
1.137316083959481056e-03
1.103108151604365126e-03
1.122669418321967311e-03
1.068338444164165357e-03
1.041856606571135626e-03
1.040240658045965159e-03
